# JRE version: Java(TM) SE Runtime Environment (15.0.1+9) (build 15.0.1+9-18)
# Java VM: Java HotSpot(TM) 64-Bit Server VM (15.0.1+9-18, mixed mode, sharing, tiered, compressed oops, g1 gc, windows-amd64)
GC Precious Log:
 CPUs: 8 total, 8 available
 Memory: 12265M
 Large Page Support: Disabled
 NUMA Support: Disabled
 Compressed Oops: Enabled (Zero based)
 Heap Region Size: 2M
 Heap Min Capacity: 8M
 Heap Initial Capacity: 192M
 Heap Max Capacity: 3068M
 Pre-touch: Disabled
 Parallel Workers: 8
 Concurrent Workers: 2
 Concurrent Refinement Workers: 8
 Periodic GC: Disabled
Heap:
 garbage-first heap   total 59392K, used 35046K [0x0000000740400000, 0x0000000800000000)
  region size 2048K, 9 young (18432K), 2 survivors (4096K)
 Metaspace       used 35379K, capacity 35869K, committed 35888K, reserved 1081344K
  class space    used 4555K, capacity 4735K, committed 4736K, reserved 1048576K
GC Heap History (17 events):
Event: 1.009 GC heap before
{Heap before GC invocations=0 (full 0):
 garbage-first heap   total 196608K, used 22528K [0x0000000740400000, 0x0000000800000000)
  region size 2048K, 11 young (22528K), 0 survivors (0K)
 Metaspace       used 6338K, capacity 6454K, committed 6784K, reserved 1056768K
  class space    used 750K, capacity 806K, committed 896K, reserved 1048576K
}
Event: 1.016 GC heap after
{Heap after GC invocations=1 (full 0):
 garbage-first heap   total 196608K, used 5324K [0x0000000740400000, 0x0000000800000000)
  region size 2048K, 2 young (4096K), 2 survivors (4096K)
 Metaspace       used 6338K, capacity 6454K, committed 6784K, reserved 1056768K
  class space    used 750K, capacity 806K, committed 896K, reserved 1048576K
}
Event: 1.362 GC heap before
{Heap before GC invocations=1 (full 0):
 garbage-first heap   total 196608K, used 27852K [0x0000000740400000, 0x0000000800000000)
  region size 2048K, 14 young (28672K), 2 survivors (4096K)
 Metaspace       used 10740K, capacity 10978K, committed 11264K, reserved 1058816K
  class space    used 1336K, capacity 1417K, committed 1536K, reserved 1048576K
}
Event: 1.370 GC heap after
{Heap after GC invocations=2 (full 0):
 garbage-first heap   total 196608K, used 7088K [0x0000000740400000, 0x0000000800000000)
  region size 2048K, 1 young (2048K), 1 survivors (2048K)
 Metaspace       used 10740K, capacity 10978K, committed 11264K, reserved 1058816K
  class space    used 1336K, capacity 1417K, committed 1536K, reserved 1048576K
}
Event: 2.619 GC heap before
{Heap before GC invocations=2 (full 0):
 garbage-first heap   total 196608K, used 89008K [0x0000000740400000, 0x0000000800000000)
  region size 2048K, 42 young (86016K), 1 survivors (2048K)
 Metaspace       used 20775K, capacity 21217K, committed 21296K, reserved 1067008K
  class space    used 2761K, capacity 2916K, committed 2944K, reserved 1048576K
}
Event: 2.626 GC heap after
{Heap after GC invocations=3 (full 0):
 garbage-first heap   total 196608K, used 10666K [0x0000000740400000, 0x0000000800000000)
  region size 2048K, 3 young (6144K), 3 survivors (6144K)
 Metaspace       used 20775K, capacity 21217K, committed 21296K, reserved 1067008K
  class space    used 2761K, capacity 2916K, committed 2944K, reserved 1048576K
}
Event: 3.065 GC heap before
{Heap before GC invocations=4 (full 0):
 garbage-first heap   total 49152K, used 31146K [0x0000000740400000, 0x0000000800000000)
  region size 2048K, 14 young (28672K), 3 survivors (6144K)
 Metaspace       used 24265K, capacity 24760K, committed 24880K, reserved 1071104K
  class space    used 3224K, capacity 3383K, committed 3456K, reserved 1048576K
}
Event: 3.074 GC heap after
{Heap after GC invocations=5 (full 0):
 garbage-first heap   total 49152K, used 12900K [0x0000000740400000, 0x0000000800000000)
  region size 2048K, 2 young (4096K), 2 survivors (4096K)
 Metaspace       used 24265K, capacity 24760K, committed 24880K, reserved 1071104K
  class space    used 3224K, capacity 3383K, committed 3456K, reserved 1048576K
}
Event: 3.265 GC heap before
{Heap before GC invocations=5 (full 0):
 garbage-first heap   total 49152K, used 29284K [0x0000000740400000, 0x0000000800000000)
  region size 2048K, 10 young (20480K), 2 survivors (4096K)
 Metaspace       used 25831K, capacity 26240K, committed 26288K, reserved 1073152K
  class space    used 3387K, capacity 3579K, committed 3584K, reserved 1048576K
}
Event: 3.271 GC heap after
{Heap after GC invocations=6 (full 0):
 garbage-first heap   total 59392K, used 13606K [0x0000000740400000, 0x0000000800000000)
  region size 2048K, 1 young (2048K), 1 survivors (2048K)
 Metaspace       used 25831K, capacity 26240K, committed 26288K, reserved 1073152K
  class space    used 3387K, capacity 3579K, committed 3584K, reserved 1048576K
}
Event: 3.785 GC heap before
{Heap before GC invocations=6 (full 0):
 garbage-first heap   total 59392K, used 40230K [0x0000000740400000, 0x0000000800000000)
  region size 2048K, 14 young (28672K), 1 survivors (2048K)
 Metaspace       used 32299K, capacity 32787K, committed 32944K, reserved 1077248K
  class space    used 4100K, capacity 4261K, committed 4352K, reserved 1048576K
}
Event: 3.790 GC heap after
{Heap after GC invocations=7 (full 0):
 garbage-first heap   total 59392K, used 17209K [0x0000000740400000, 0x0000000800000000)
  region size 2048K, 2 young (4096K), 2 survivors (4096K)
 Metaspace       used 32299K, capacity 32787K, committed 32944K, reserved 1077248K
  class space    used 4100K, capacity 4261K, committed 4352K, reserved 1048576K
}
Event: 4.008 GC heap before
{Heap before GC invocations=7 (full 0):
 garbage-first heap   total 59392K, used 39737K [0x0000000740400000, 0x0000000800000000)
  region size 2048K, 14 young (28672K), 2 survivors (4096K)
 Metaspace       used 33687K, capacity 34160K, committed 34352K, reserved 1079296K
  class space    used 4301K, capacity 4469K, committed 4480K, reserved 1048576K
}
Event: 4.014 GC heap after
{Heap after GC invocations=8 (full 0):
 garbage-first heap   total 59392K, used 19340K [0x0000000740400000, 0x0000000800000000)
  region size 2048K, 2 young (4096K), 2 survivors (4096K)
 Metaspace       used 33687K, capacity 34160K, committed 34352K, reserved 1079296K
  class space    used 4301K, capacity 4469K, committed 4480K, reserved 1048576K
}
Event: 4.153 GC heap before
{Heap before GC invocations=8 (full 0):
 garbage-first heap   total 59392K, used 41868K [0x0000000740400000, 0x0000000800000000)
  region size 2048K, 13 young (26624K), 2 survivors (4096K)
 Metaspace       used 34430K, capacity 34868K, committed 34992K, reserved 1079296K
  class space    used 4413K, capacity 4573K, committed 4608K, reserved 1048576K
}
Event: 4.157 GC heap after
{Heap after GC invocations=9 (full 0):
 garbage-first heap   total 59392K, used 20933K [0x0000000740400000, 0x0000000800000000)
  region size 2048K, 2 young (4096K), 2 survivors (4096K)
 Metaspace       used 34430K, capacity 34868K, committed 34992K, reserved 1079296K
  class space    used 4413K, capacity 4573K, committed 4608K, reserved 1048576K
}
Event: 4.336 GC heap before
{Heap before GC invocations=9 (full 0):
 garbage-first heap   total 59392K, used 33221K [0x0000000740400000, 0x0000000800000000)
  region size 2048K, 9 young (18432K), 2 survivors (4096K)
 Metaspace       used 35379K, capacity 35869K, committed 35888K, reserved 1081344K
  class space    used 4555K, capacity 4735K, committed 4736K, reserved 1048576K
}

