# JRE version: Java(TM) SE Runtime Environment (15.0.1+9) (build 15.0.1+9-18)
# Java VM: Java HotSpot(TM) 64-Bit Server VM (15.0.1+9-18, mixed mode, sharing, tiered, compressed oops, g1 gc, windows-amd64)
GC Precious Log:
 CPUs: 8 total, 8 available
 Memory: 12265M
 Large Page Support: Disabled
 NUMA Support: Disabled
 Compressed Oops: Enabled (Zero based)
 Heap Region Size: 2M
 Heap Min Capacity: 8M
 Heap Initial Capacity: 192M
 Heap Max Capacity: 3068M
 Pre-touch: Disabled
 Parallel Workers: 8
 Concurrent Workers: 2
 Concurrent Refinement Workers: 8
 Periodic GC: Disabled
Heap:
 garbage-first heap   total 59392K, used 43510K [0x0000000740400000, 0x0000000800000000)
  region size 2048K, 11 young (22528K), 1 survivors (2048K)
 Metaspace       used 38182K, capacity 38764K, committed 38908K, reserved 1083392K
  class space    used 4983K, capacity 5167K, committed 5196K, reserved 1048576K
GC Heap History (19 events):
Event: 0.766 GC heap before
{Heap before GC invocations=0 (full 0):
 garbage-first heap   total 196608K, used 22528K [0x0000000740400000, 0x0000000800000000)
  region size 2048K, 11 young (22528K), 0 survivors (0K)
 Metaspace       used 6674K, capacity 6855K, committed 7040K, reserved 1056768K
  class space    used 803K, capacity 872K, committed 896K, reserved 1048576K
}
Event: 0.773 GC heap after
{Heap after GC invocations=1 (full 0):
 garbage-first heap   total 196608K, used 5433K [0x0000000740400000, 0x0000000800000000)
  region size 2048K, 2 young (4096K), 2 survivors (4096K)
 Metaspace       used 6674K, capacity 6855K, committed 7040K, reserved 1056768K
  class space    used 803K, capacity 872K, committed 896K, reserved 1048576K
}
Event: 1.077 GC heap before
{Heap before GC invocations=1 (full 0):
 garbage-first heap   total 196608K, used 25913K [0x0000000740400000, 0x0000000800000000)
  region size 2048K, 13 young (26624K), 2 survivors (4096K)
 Metaspace       used 11558K, capacity 11829K, committed 11904K, reserved 1058816K
  class space    used 1564K, capacity 1647K, committed 1664K, reserved 1048576K
}
Event: 1.085 GC heap after
{Heap after GC invocations=2 (full 0):
 garbage-first heap   total 196608K, used 7415K [0x0000000740400000, 0x0000000800000000)
  region size 2048K, 1 young (2048K), 1 survivors (2048K)
 Metaspace       used 11558K, capacity 11829K, committed 11904K, reserved 1058816K
  class space    used 1564K, capacity 1647K, committed 1664K, reserved 1048576K
}
Event: 1.740 GC heap before
{Heap before GC invocations=2 (full 0):
 garbage-first heap   total 196608K, used 56567K [0x0000000740400000, 0x0000000800000000)
  region size 2048K, 25 young (51200K), 1 survivors (2048K)
 Metaspace       used 18412K, capacity 18806K, committed 19072K, reserved 1064960K
  class space    used 2449K, capacity 2582K, committed 2688K, reserved 1048576K
}
Event: 1.746 GC heap after
{Heap after GC invocations=3 (full 0):
 garbage-first heap   total 196608K, used 9772K [0x0000000740400000, 0x0000000800000000)
  region size 2048K, 3 young (6144K), 3 survivors (6144K)
 Metaspace       used 18412K, capacity 18806K, committed 19072K, reserved 1064960K
  class space    used 2449K, capacity 2582K, committed 2688K, reserved 1048576K
}
Event: 2.061 GC heap before
{Heap before GC invocations=3 (full 0):
 garbage-first heap   total 196608K, used 28204K [0x0000000740400000, 0x0000000800000000)
  region size 2048K, 13 young (26624K), 3 survivors (6144K)
 Metaspace       used 20775K, capacity 21164K, committed 21296K, reserved 1067008K
  class space    used 2785K, capacity 2916K, committed 2944K, reserved 1048576K
}
Event: 2.068 GC heap after
{Heap after GC invocations=4 (full 0):
 garbage-first heap   total 196608K, used 11021K [0x0000000740400000, 0x0000000800000000)
  region size 2048K, 3 young (6144K), 3 survivors (6144K)
 Metaspace       used 20775K, capacity 21164K, committed 21296K, reserved 1067008K
  class space    used 2785K, capacity 2916K, committed 2944K, reserved 1048576K
}
Event: 2.434 GC heap before
{Heap before GC invocations=5 (full 0):
 garbage-first heap   total 49152K, used 33549K [0x0000000740400000, 0x0000000800000000)
  region size 2048K, 14 young (28672K), 3 survivors (6144K)
 Metaspace       used 24327K, capacity 24803K, committed 24956K, reserved 1071104K
  class space    used 3252K, capacity 3415K, committed 3532K, reserved 1048576K
}
Event: 2.442 GC heap after
{Heap after GC invocations=6 (full 0):
 garbage-first heap   total 59392K, used 13246K [0x0000000740400000, 0x0000000800000000)
  region size 2048K, 2 young (4096K), 2 survivors (4096K)
 Metaspace       used 24327K, capacity 24803K, committed 24956K, reserved 1071104K
  class space    used 3252K, capacity 3415K, committed 3532K, reserved 1048576K
}
Event: 2.893 GC heap before
{Heap before GC invocations=6 (full 0):
 garbage-first heap   total 59392K, used 39870K [0x0000000740400000, 0x0000000800000000)
  region size 2048K, 16 young (32768K), 2 survivors (4096K)
 Metaspace       used 30815K, capacity 31340K, committed 31612K, reserved 1077248K
  class space    used 3983K, capacity 4161K, committed 4300K, reserved 1048576K
}
Event: 2.901 GC heap after
{Heap after GC invocations=7 (full 0):
 garbage-first heap   total 59392K, used 17055K [0x0000000740400000, 0x0000000800000000)
  region size 2048K, 2 young (4096K), 2 survivors (4096K)
 Metaspace       used 30815K, capacity 31340K, committed 31612K, reserved 1077248K
  class space    used 3983K, capacity 4161K, committed 4300K, reserved 1048576K
}
Event: 3.140 GC heap before
{Heap before GC invocations=7 (full 0):
 garbage-first heap   total 59392K, used 39583K [0x0000000740400000, 0x0000000800000000)
  region size 2048K, 14 young (28672K), 2 survivors (4096K)
 Metaspace       used 33036K, capacity 33529K, committed 33660K, reserved 1079296K
  class space    used 4274K, capacity 4458K, committed 4556K, reserved 1048576K
}
Event: 3.144 GC heap after
{Heap after GC invocations=8 (full 0):
 garbage-first heap   total 59392K, used 19503K [0x0000000740400000, 0x0000000800000000)
  region size 2048K, 2 young (4096K), 2 survivors (4096K)
 Metaspace       used 33036K, capacity 33529K, committed 33660K, reserved 1079296K
  class space    used 4274K, capacity 4458K, committed 4556K, reserved 1048576K
}
Event: 3.255 GC heap before
{Heap before GC invocations=8 (full 0):
 garbage-first heap   total 59392K, used 39983K [0x0000000740400000, 0x0000000800000000)
  region size 2048K, 12 young (24576K), 2 survivors (4096K)
 Metaspace       used 34061K, capacity 34519K, committed 34812K, reserved 1079296K
  class space    used 4424K, capacity 4593K, committed 4684K, reserved 1048576K
}
Event: 3.258 GC heap after
{Heap after GC invocations=9 (full 0):
 garbage-first heap   total 59392K, used 21039K [0x0000000740400000, 0x0000000800000000)
  region size 2048K, 1 young (2048K), 1 survivors (2048K)
 Metaspace       used 34061K, capacity 34519K, committed 34812K, reserved 1079296K
  class space    used 4424K, capacity 4593K, committed 4684K, reserved 1048576K
}
Event: 3.442 GC heap before
{Heap before GC invocations=9 (full 0):
 garbage-first heap   total 59392K, used 39471K [0x0000000740400000, 0x0000000800000000)
  region size 2048K, 12 young (24576K), 1 survivors (2048K)
 Metaspace       used 35403K, capacity 35939K, committed 35964K, reserved 1081344K
  class space    used 4609K, capacity 4788K, committed 4812K, reserved 1048576K
}
Event: 3.445 GC heap after
{Heap after GC invocations=10 (full 0):
 garbage-first heap   total 59392K, used 23030K [0x0000000740400000, 0x0000000800000000)
  region size 2048K, 2 young (4096K), 2 survivors (4096K)
 Metaspace       used 35403K, capacity 35939K, committed 35964K, reserved 1081344K
  class space    used 4609K, capacity 4788K, committed 4812K, reserved 1048576K
}
Event: 12.584 GC heap before
{Heap before GC invocations=11 (full 0):
 garbage-first heap   total 59392K, used 43510K [0x0000000740400000, 0x0000000800000000)
  region size 2048K, 12 young (24576K), 2 survivors (4096K)
 Metaspace       used 38182K, capacity 38764K, committed 38908K, reserved 1083392K
  class space    used 4983K, capacity 5167K, committed 5196K, reserved 1048576K
}

