# JRE version: Java(TM) SE Runtime Environment (15.0.1+9) (build 15.0.1+9-18)
# Java VM: Java HotSpot(TM) 64-Bit Server VM (15.0.1+9-18, mixed mode, sharing, tiered, compressed oops, g1 gc, windows-amd64)
GC Precious Log:
 CPUs: 8 total, 8 available
 Memory: 12265M
 Large Page Support: Disabled
 NUMA Support: Disabled
 Compressed Oops: Enabled (Zero based)
 Heap Region Size: 2M
 Heap Min Capacity: 8M
 Heap Initial Capacity: 192M
 Heap Max Capacity: 3068M
 Pre-touch: Disabled
 Parallel Workers: 8
 Concurrent Workers: 2
 Concurrent Refinement Workers: 8
 Periodic GC: Disabled
Heap:
 garbage-first heap   total 81920K, used 34798K [0x0000000740400000, 0x0000000800000000)
  region size 2048K, 7 young (14336K), 2 survivors (4096K)
 Metaspace       used 47353K, capacity 47820K, committed 48000K, reserved 1091584K
  class space    used 5760K, capacity 5916K, committed 6016K, reserved 1048576K
GC Heap History (20 events):
Event: 4.287 GC heap before
{Heap before GC invocations=2 (full 0):
 garbage-first heap   total 196608K, used 61054K [0x0000000740400000, 0x0000000800000000)
  region size 2048K, 28 young (57344K), 1 survivors (2048K)
 Metaspace       used 20889K, capacity 21206K, committed 21504K, reserved 1069056K
  class space    used 2603K, capacity 2710K, committed 2816K, reserved 1048576K
}
Event: 4.298 GC heap after
{Heap after GC invocations=3 (full 0):
 garbage-first heap   total 196608K, used 12785K [0x0000000740400000, 0x0000000800000000)
  region size 2048K, 4 young (8192K), 4 survivors (8192K)
 Metaspace       used 20889K, capacity 21206K, committed 21504K, reserved 1069056K
  class space    used 2603K, capacity 2710K, committed 2816K, reserved 1048576K
}
Event: 4.623 GC heap before
{Heap before GC invocations=4 (full 0):
 garbage-first heap   total 55296K, used 37361K [0x0000000740400000, 0x0000000800000000)
  region size 2048K, 16 young (32768K), 4 survivors (8192K)
 Metaspace       used 25667K, capacity 25940K, committed 26240K, reserved 1073152K
  class space    used 3196K, capacity 3344K, committed 3456K, reserved 1048576K
}
Event: 4.633 GC heap after
{Heap after GC invocations=5 (full 0):
 garbage-first heap   total 55296K, used 13429K [0x0000000740400000, 0x0000000800000000)
  region size 2048K, 1 young (2048K), 1 survivors (2048K)
 Metaspace       used 25667K, capacity 25940K, committed 26240K, reserved 1073152K
  class space    used 3196K, capacity 3344K, committed 3456K, reserved 1048576K
}
Event: 4.891 GC heap before
{Heap before GC invocations=5 (full 0):
 garbage-first heap   total 55296K, used 33909K [0x0000000740400000, 0x0000000800000000)
  region size 2048K, 12 young (24576K), 1 survivors (2048K)
 Metaspace       used 28698K, capacity 29092K, committed 29440K, reserved 1075200K
  class space    used 3586K, capacity 3733K, committed 3840K, reserved 1048576K
}
Event: 4.898 GC heap after
{Heap after GC invocations=6 (full 0):
 garbage-first heap   total 55296K, used 14193K [0x0000000740400000, 0x0000000800000000)
  region size 2048K, 1 young (2048K), 1 survivors (2048K)
 Metaspace       used 28698K, capacity 29092K, committed 29440K, reserved 1075200K
  class space    used 3586K, capacity 3733K, committed 3840K, reserved 1048576K
}
Event: 5.391 GC heap before
{Heap before GC invocations=6 (full 0):
 garbage-first heap   total 55296K, used 36721K [0x0000000740400000, 0x0000000800000000)
  region size 2048K, 12 young (24576K), 1 survivors (2048K)
 Metaspace       used 30024K, capacity 30365K, committed 30592K, reserved 1075200K
  class space    used 3746K, capacity 3874K, committed 3968K, reserved 1048576K
}
Event: 5.400 GC heap after
{Heap after GC invocations=7 (full 0):
 garbage-first heap   total 55296K, used 15161K [0x0000000740400000, 0x0000000800000000)
  region size 2048K, 2 young (4096K), 2 survivors (4096K)
 Metaspace       used 30024K, capacity 30365K, committed 30592K, reserved 1075200K
  class space    used 3746K, capacity 3874K, committed 3968K, reserved 1048576K
}
Event: 6.048 GC heap before
{Heap before GC invocations=7 (full 0):
 garbage-first heap   total 55296K, used 37689K [0x0000000740400000, 0x0000000800000000)
  region size 2048K, 13 young (26624K), 2 survivors (4096K)
 Metaspace       used 33458K, capacity 33811K, committed 34048K, reserved 1079296K
  class space    used 4172K, capacity 4309K, committed 4352K, reserved 1048576K
}
Event: 6.057 GC heap after
{Heap after GC invocations=8 (full 0):
 garbage-first heap   total 55296K, used 16650K [0x0000000740400000, 0x0000000800000000)
  region size 2048K, 2 young (4096K), 2 survivors (4096K)
 Metaspace       used 33458K, capacity 33811K, committed 34048K, reserved 1079296K
  class space    used 4172K, capacity 4309K, committed 4352K, reserved 1048576K
}
Event: 6.498 GC heap before
{Heap before GC invocations=8 (full 0):
 garbage-first heap   total 55296K, used 30986K [0x0000000740400000, 0x0000000800000000)
  region size 2048K, 10 young (20480K), 2 survivors (4096K)
 Metaspace       used 35376K, capacity 35780K, committed 35840K, reserved 1081344K
  class space    used 4424K, capacity 4578K, committed 4608K, reserved 1048576K
}
Event: 6.511 GC heap after
{Heap after GC invocations=9 (full 0):
 garbage-first heap   total 67584K, used 18164K [0x0000000740400000, 0x0000000800000000)
  region size 2048K, 2 young (4096K), 2 survivors (4096K)
 Metaspace       used 35376K, capacity 35780K, committed 35840K, reserved 1081344K
  class space    used 4424K, capacity 4578K, committed 4608K, reserved 1048576K
}
Event: 6.928 GC heap before
{Heap before GC invocations=10 (full 0):
 garbage-first heap   total 67584K, used 44788K [0x0000000740400000, 0x0000000800000000)
  region size 2048K, 16 young (32768K), 2 survivors (4096K)
 Metaspace       used 37963K, capacity 38343K, committed 38400K, reserved 1083392K
  class space    used 4670K, capacity 4835K, committed 4864K, reserved 1048576K
}
Event: 6.938 GC heap after
{Heap after GC invocations=11 (full 0):
 garbage-first heap   total 67584K, used 19559K [0x0000000740400000, 0x0000000800000000)
  region size 2048K, 2 young (4096K), 2 survivors (4096K)
 Metaspace       used 37963K, capacity 38343K, committed 38400K, reserved 1083392K
  class space    used 4670K, capacity 4835K, committed 4864K, reserved 1048576K
}
Event: 7.684 GC heap before
{Heap before GC invocations=11 (full 0):
 garbage-first heap   total 67584K, used 46183K [0x0000000740400000, 0x0000000800000000)
  region size 2048K, 16 young (32768K), 2 survivors (4096K)
 Metaspace       used 43032K, capacity 43411K, committed 43520K, reserved 1087488K
  class space    used 5184K, capacity 5286K, committed 5376K, reserved 1048576K
}
Event: 7.693 GC heap after
{Heap after GC invocations=12 (full 0):
 garbage-first heap   total 67584K, used 21570K [0x0000000740400000, 0x0000000800000000)
  region size 2048K, 2 young (4096K), 2 survivors (4096K)
 Metaspace       used 43032K, capacity 43411K, committed 43520K, reserved 1087488K
  class space    used 5184K, capacity 5286K, committed 5376K, reserved 1048576K
}
Event: 8.414 GC heap before
{Heap before GC invocations=12 (full 0):
 garbage-first heap   total 67584K, used 48194K [0x0000000740400000, 0x0000000800000000)
  region size 2048K, 15 young (30720K), 2 survivors (4096K)
 Metaspace       used 45627K, capacity 46068K, committed 46208K, reserved 1089536K
  class space    used 5542K, capacity 5678K, committed 5760K, reserved 1048576K
}
Event: 8.422 GC heap after
{Heap after GC invocations=13 (full 0):
 garbage-first heap   total 67584K, used 23798K [0x0000000740400000, 0x0000000800000000)
  region size 2048K, 2 young (4096K), 2 survivors (4096K)
 Metaspace       used 45627K, capacity 46068K, committed 46208K, reserved 1089536K
  class space    used 5542K, capacity 5678K, committed 5760K, reserved 1048576K
}
Event: 9.026 GC heap before
{Heap before GC invocations=13 (full 0):
 garbage-first heap   total 67584K, used 48374K [0x0000000740400000, 0x0000000800000000)
  region size 2048K, 14 young (28672K), 2 survivors (4096K)
 Metaspace       used 46983K, capacity 47361K, committed 47616K, reserved 1091584K
  class space    used 5716K, capacity 5873K, committed 5888K, reserved 1048576K
}
Event: 9.032 GC heap after
{Heap after GC invocations=14 (full 0):
 garbage-first heap   total 81920K, used 26606K [0x0000000740400000, 0x0000000800000000)
  region size 2048K, 2 young (4096K), 2 survivors (4096K)
 Metaspace       used 46983K, capacity 47361K, committed 47616K, reserved 1091584K
  class space    used 5716K, capacity 5873K, committed 5888K, reserved 1048576K
}

